2021/09/01 16:51:52:Failed send mail. To:ds-security@sunpla.com Subject:WordPress: ログインページURLが変更されました
2021/09/01 16:51:58:Failed send mail. To:ds-security@sunpla.com Subject:WordPress: 更新通知 @ http://localhost/anken/kobe/feelthegreen.jp
2021/09/02 15:13:36:Failed send mail. To:ds-security@sunpla.com Subject:【神戸】フィールザ・グリーンにログインがありました
2021/09/02 15:13:36:Failed send mail. To:ds-security@sunpla.com Subject:【神戸】フィールザ・グリーンにログインがありました
2021/09/02 15:13:36:Failed send mail. To:ds-security@sunpla.com Subject:【神戸】フィールザ・グリーンにログインがありました
2021/09/06 10:02:52:Failed send mail. To:ds-security@sunpla.com Subject:WordPress: 更新通知 @ http://localhost/anken/kobe/feelthegreen.jp
2021/09/07 13:03:06:Failed send mail. To:ds-security@sunpla.com Subject:【神戸】フィールザ・グリーンにログインがありました
2021/09/07 13:03:06:Failed send mail. To:ds-security@sunpla.com Subject:【神戸】フィールザ・グリーンにログインがありました
2021/09/07 13:03:14:Failed send mail. To:ds-security@sunpla.com Subject:【神戸】フィールザ・グリーンにログインがありました
2021/09/07 13:03:14:Failed send mail. To:ds-security@sunpla.com Subject:【神戸】フィールザ・グリーンにログインがありました
2021/09/07 13:03:14:Failed send mail. To:ds-security@sunpla.com Subject:【神戸】フィールザ・グリーンにログインがありました
2021/09/08 10:16:34:Failed send mail. To:ds-security@sunpla.com Subject:【神戸】フィールザ・グリーンにログインがありました
2021/09/08 10:39:31:Failed send mail. To:ds-security@sunpla.com Subject:【神戸】フィールザ・グリーンにログインがありました
2021/09/08 10:39:31:Failed send mail. To:ds-security@sunpla.com Subject:【神戸】フィールザ・グリーンにログインがありました
2021/09/08 10:39:31:Failed send mail. To:ds-security@sunpla.com Subject:【神戸】フィールザ・グリーンにログインがありました
2021/09/09 12:09:26:Failed send mail. To:ds-security@sunpla.com Subject:WordPress: 更新通知 @ http://localhost/anken/kobe/feelthegreen.jp
2021/09/09 15:19:17:Failed send mail. To:ds-security@sunpla.com Subject:【神戸】フィールザ・グリーンにログインがありました
2021/09/10 10:30:16:Failed send mail. To:ds-security@sunpla.com Subject:WordPress: 更新通知 @ http://localhost/anken/kobe/feelthegreen.jp
2021/09/13 09:40:02:Failed send mail. To:ds-security@sunpla.com Subject:WordPress: ログインページURLが変更されました
2021/09/13 09:40:02:Failed send mail. To:ds-security@sunpla.com Subject:WordPress: 更新通知 @ http://localhost/anken/hiroshima/wow-h.jp/lp_0910
2021/09/13 13:26:43:Failed send mail. To:ds-security@sunpla.com Subject:【広島】ワウハウス　ランディングページ＋カレンダー＋フォーム（WPでCMS希望）にログインがありました
2021/09/13 13:31:57:Failed send mail. To:ds-security@sunpla.com Subject:【広島】ワウハウス　ランディングページ＋カレンダー＋フォーム（WPでCMS希望）にログインがありました
2021/09/13 15:19:33:Failed send mail. To:ds-security@sunpla.com Subject:【広島】ワウハウス　ランディングページ＋カレンダー＋フォーム（WPでCMS希望）にログインがありました
2021/09/13 15:25:47:Failed send mail. To:ds-security@sunpla.com Subject:【広島】ワウハウス　ランディングページ＋カレンダー＋フォーム（WPでCMS希望）にログインがありました
2021/09/13 15:28:31:Failed send mail. To:ds-security@sunpla.com Subject:【広島】ワウハウス　ランディングページ＋カレンダー＋フォーム（WPでCMS希望）にログインがありました
2021/09/14 10:46:38:Failed send mail. To:ds-security@sunpla.com Subject:【広島】ワウハウス　ランディングページ＋カレンダー＋フォーム（WPでCMS希望）にログインがありました
2021/09/14 10:46:38:Failed send mail. To:ds-security@sunpla.com Subject:【広島】ワウハウス　ランディングページ＋カレンダー＋フォーム（WPでCMS希望）にログインがありました
2021/09/14 10:46:38:Failed send mail. To:ds-security@sunpla.com Subject:【広島】ワウハウス　ランディングページ＋カレンダー＋フォーム（WPでCMS希望）にログインがありました
2021/09/14 13:10:07:Failed send mail. To:ds-security@sunpla.com Subject:【広島】ワウハウス　ランディングページ＋カレンダー＋フォーム（WPでCMS希望）にログインがありました
2021/09/14 17:31:14:Failed send mail. To:ds-security@sunpla.com Subject:【広島】ワウハウス　ランディングページ＋カレンダー＋フォーム（WPでCMS希望）にログインがありました
2021/09/14 17:31:14:Failed send mail. To:ds-security@sunpla.com Subject:【広島】ワウハウス　ランディングページ＋カレンダー＋フォーム（WPでCMS希望）にログインがありました
2021/09/14 17:31:14:Failed send mail. To:ds-security@sunpla.com Subject:【広島】ワウハウス　ランディングページ＋カレンダー＋フォーム（WPでCMS希望）にログインがありました
2021/09/15 10:21:59:Failed send mail. To:ds-security@sunpla.com Subject:WordPress: 更新通知 @ http://localhost/anken/hiroshima/wow-h.jp/lp_0910
2021/09/15 10:22:44:Failed send mail. To:ds-security@sunpla.com Subject:【広島】ワウハウス　ランディングページ＋カレンダー＋フォーム（WPでCMS希望）にログインがありました
2022/01/17 11:50:54:Failed send mail. To:ds-security@sunpla.com Subject:WordPress: 更新通知 @ http://localhost/anken/ftb/neworientalworks.com
2022/01/17 15:05:03:Failed send mail. To:ds-security@sunpla.com Subject:ニューオリエンタルワークス株式会社にログインがありました
2022/01/17 15:05:03:Failed send mail. To:ds-security@sunpla.com Subject:ニューオリエンタルワークス株式会社にログインがありました
2022/01/17 15:05:03:Failed send mail. To:ds-security@sunpla.com Subject:ニューオリエンタルワークス株式会社にログインがありました
2022/01/18 10:46:31:Failed send mail. To:ds-security@sunpla.com Subject:ニューオリエンタルワークス株式会社にログインがありました
2022/01/18 15:27:10:Failed send mail. To:ds-security@sunpla.com Subject:ニューオリエンタルワークス株式会社にログインがありました
2022/01/19 13:40:11:Failed send mail. To:ds-security@sunpla.com Subject:ニューオリエンタルワークス株式会社にログインがありました
